<?xml version="1.0" encoding="UTF-8"?>
<!-- Generated by org.testng.reporters.JUnitReportReporter -->
<testsuite hostname="sai2" failures="0" tests="1" name="com.actidemo.base.driverscript" time="3.519" errors="0" timestamp="26 Aug 2022 00:46:25 GMT" skipped="0">
  <testcase classname="com.actidemo.base.driverscript" name="initapplication" time="3.519"/>
</testsuite> <!-- com.actidemo.base.driverscript -->
