<?xml version="1.0" encoding="UTF-8"?>
<!-- Generated by org.testng.reporters.JUnitReportReporter -->
<testsuite hostname="sai2" failures="0" tests="2" name="com.actidemo.tests.Taskpagetest" time="28.755" errors="0" timestamp="30 Aug 2022 23:38:09 GMT" skipped="0">
  <testcase classname="com.actidemo.tests.Taskpagetest" name="testcreatecustomer" time="15.047"/>
  <testcase classname="com.actidemo.tests.Taskpagetest" name="deletecustomer" time="13.708"/>
</testsuite> <!-- com.actidemo.tests.Taskpagetest -->
