<?xml version="1.0" encoding="UTF-8"?>
<!-- Generated by org.testng.reporters.JUnitReportReporter -->
<testsuite hostname="sai2" failures="0" tests="11" name="com.actidemo.tests.loginpagetest" time="102.584" errors="0" timestamp="31 Aug 2022 00:32:57 GMT" skipped="0">
  <testcase classname="com.actidemo.tests.loginpagetest" name="testlogin" time="9.694"/>
  <testcase classname="com.actidemo.tests.loginpagetest" name="testlogin" time="9.254"/>
  <testcase classname="com.actidemo.tests.loginpagetest" name="testlogin" time="11.235"/>
  <testcase classname="com.actidemo.tests.loginpagetest" name="testlogin" time="9.539"/>
  <testcase classname="com.actidemo.tests.loginpagetest" name="testlogin" time="10.495"/>
  <testcase classname="com.actidemo.tests.loginpagetest" name="testlogin" time="9.538"/>
  <testcase classname="com.actidemo.tests.loginpagetest" name="testlogin" time="8.769"/>
  <testcase classname="com.actidemo.tests.loginpagetest" name="testlogin" time="9.483"/>
  <testcase classname="com.actidemo.tests.loginpagetest" name="testactilogo" time="5.105"/>
  <testcase classname="com.actidemo.tests.loginpagetest" name="testlogin" time="9.314"/>
  <testcase classname="com.actidemo.tests.loginpagetest" name="testlogin" time="10.158"/>
</testsuite> <!-- com.actidemo.tests.loginpagetest -->
