<?xml version="1.0" encoding="UTF-8"?>
<!-- Generated by org.testng.reporters.JUnitReportReporter -->
<testsuite hostname="sai2" failures="0" tests="1" name="com.actidemo.tests.actiTIMEpagetest" time="8.265" errors="0" timestamp="30 Aug 2022 16:42:10 GMT" skipped="0">
  <testcase classname="com.actidemo.tests.actiTIMEpagetest" name="testTasksmenu" time="8.265"/>
</testsuite> <!-- com.actidemo.tests.actiTIMEpagetest -->
